    <!DOCTYPE suite SYSTEM "http://testng.org/testng-1.0.dtd">
<suite name="suite" parallel="methods" data-provider-thread-count="1">
    <test name="login">
        <classes>
            <class name="TestSuite"/>
        </classes>
    </test>
</suite>